<?xml version="1.0" encoding="UTF-8"?>
<!-- Generated by org.testng.reporters.JUnitReportReporter -->
<testsuite hostname="LAP137" name="webappautomation.BrokenLinkTest" tests="2" failures="0" timestamp="24 Sep 2019 17:56:12 GMT" time="196.634" errors="0">
  <testcase name="OpenZomatoWebsite" time="10.530" classname="webappautomation.BrokenLinkTest"/>
  <testcase name="checkBrokenLinks" time="186.104" classname="webappautomation.BrokenLinkTest"/>
</testsuite> <!-- webappautomation.BrokenLinkTest -->
