<?xml version="1.0" encoding="UTF-8"?>
<!-- Generated by org.testng.reporters.JUnitReportReporter -->
<testsuite hostname="LAP137" name="webappautomation.NewTest" tests="3" failures="0" timestamp="26 Sep 2019 16:54:31 GMT" time="0.033" errors="0">
  <testcase name="Test1" time="0.009" classname="webappautomation.NewTest"/>
  <testcase name="Test3" time="0.008" classname="webappautomation.NewTest"/>
  <testcase name="Test2" time="0.016" classname="webappautomation.NewTest"/>
</testsuite> <!-- webappautomation.NewTest -->
