<?xml version="1.0" encoding="UTF-8"?>
<!-- Generated by org.testng.reporters.JUnitReportReporter -->
<testsuite hostname="LAP137" name="webappautomation.GenerateReports" tests="2" failures="0" timestamp="26 Sep 2019 16:47:36 GMT" time="0.033" errors="0">
  <testcase name="Test1" time="0.030" classname="webappautomation.GenerateReports"/>
  <testcase name="Test2" time="0.003" classname="webappautomation.GenerateReports"/>
</testsuite> <!-- webappautomation.GenerateReports -->
